\BOOKMARK [1][-]{section*.1}{Inhaltsverzeichnis}{}% 1
\BOOKMARK [1][-]{section*.2}{Abstract}{}% 2
\BOOKMARK [1][-]{section.1}{Einleitung}{}% 3
\BOOKMARK [1][-]{section.2}{L\366sungskonzept}{}% 4
\BOOKMARK [2][-]{subsection.2.1}{Gesamt\374bersicht}{section.2}% 5
\BOOKMARK [3][-]{subsubsection.2.1.1}{Zusammenspiel}{subsection.2.1}% 6
\BOOKMARK [3][-]{subsubsection.2.1.2}{Schnittstellen}{subsection.2.1}% 7
\BOOKMARK [3][-]{subsubsection.2.1.3}{Regelkreise}{subsection.2.1}% 8
\BOOKMARK [2][-]{subsection.2.2}{Chassis}{section.2}% 9
\BOOKMARK [2][-]{subsection.2.3}{Lenkung}{section.2}% 10
\BOOKMARK [2][-]{subsection.2.4}{Antrieb}{section.2}% 11
\BOOKMARK [2][-]{subsection.2.5}{Beladen und Greifer}{section.2}% 12
\BOOKMARK [2][-]{subsection.2.6}{Entladen}{section.2}% 13
\BOOKMARK [2][-]{subsection.2.7}{Energieversorgung}{section.2}% 14
\BOOKMARK [2][-]{subsection.2.8}{Intelligente Systeme}{section.2}% 15
\BOOKMARK [3][-]{subsubsection.2.8.1}{Softwarekonzept}{subsection.2.8}% 16
\BOOKMARK [3][-]{subsubsection.2.8.2}{Mini-Computer}{subsection.2.8}% 17
\BOOKMARK [3][-]{subsubsection.2.8.3}{Mikrocontroller-Board}{subsection.2.8}% 18
\BOOKMARK [2][-]{subsection.2.9}{Bilderzeugung}{section.2}% 19
\BOOKMARK [2][-]{subsection.2.10}{Fahrbahnerkennung}{section.2}% 20
\BOOKMARK [2][-]{subsection.2.11}{Objekterkennung}{section.2}% 21
\BOOKMARK [3][-]{subsubsection.2.11.1}{Objekterkennung grob}{subsection.2.11}% 22
\BOOKMARK [3][-]{subsubsection.2.11.2}{Objekterkennung pr\344zise}{subsection.2.11}% 23
\BOOKMARK [1][-]{section.3}{Projektmanagement}{}% 24
\BOOKMARK [2][-]{subsection.3.1}{Team}{section.3}% 25
\BOOKMARK [2][-]{subsection.3.2}{Zeitplanung}{section.3}% 26
\BOOKMARK [2][-]{subsection.3.3}{Risikomanagement}{section.3}% 27
\BOOKMARK [3][-]{subsubsection.3.3.1}{Risiken im Team}{subsection.3.3}% 28
\BOOKMARK [3][-]{subsubsection.3.3.2}{Risiken im Projektmanagement}{subsection.3.3}% 29
\BOOKMARK [3][-]{subsubsection.3.3.3}{Risiken bei der Realisierung}{subsection.3.3}% 30
\BOOKMARK [3][-]{subsubsection.3.3.4}{Andere Risiken}{subsection.3.3}% 31
\BOOKMARK [2][-]{subsection.3.4}{Budgetplanung}{section.3}% 32
\BOOKMARK [2][-]{subsection.3.5}{Projektunterst\374tzung}{section.3}% 33
\BOOKMARK [3][-]{subsubsection.3.5.1}{Software}{subsection.3.5}% 34
\BOOKMARK [3][-]{subsubsection.3.5.2}{Aufgabenverteilung}{subsection.3.5}% 35
\BOOKMARK [1][-]{section.4}{Schlussdiskussion}{}% 36
\BOOKMARK [2][-]{subsection.4.1}{Lessons Learned}{section.4}% 37
\BOOKMARK [2][-]{subsection.4.2}{Ausblick PREN2}{section.4}% 38
\BOOKMARK [2][-]{subsection.4.3}{Fazit}{section.4}% 39
\BOOKMARK [1][-]{section*.3}{Abbildungsverzeichnis}{}% 40
\BOOKMARK [1][-]{section*.4}{Tabellenverzeichnis}{}% 41
\BOOKMARK [1][-]{section*.5}{Anhang}{}% 42
